SF:/home/pmros/prg/tagma/examples/001-helloworld/index.html.js
FN:4,default
FNDA:1,default
FNF:1
FNH:1
BRF:0
BRH:0
DA:1,1
DA:2,1
DA:3,1
DA:4,1
DA:5,2
DA:6,2
DA:7,2
DA:8,2
DA:9,2
DA:10,2
DA:11,2
DA:12,2
DA:13,2
LH:13
LF:13
end_of_record
SF:/home/pmros/prg/tagma/examples/002-cardish/index.html.js
FN:5,default
FNDA:1,default
FNF:1
FNH:1
BRF:0
BRH:0
DA:1,1
DA:2,1
DA:3,1
DA:4,1
DA:5,1
DA:6,2
DA:7,2
DA:8,2
DA:9,2
DA:10,2
DA:11,2
DA:12,2
DA:13,2
DA:14,2
DA:15,2
DA:16,2
DA:17,2
DA:18,1
LH:18
LF:18
end_of_record
SF:/home/pmros/prg/tagma/examples/002-cardish/style.css.js
FN:6,default
FNDA:1,default
FNF:1
FNH:1
BRF:0
BRH:0
DA:1,1
DA:2,1
DA:3,1
DA:4,1
DA:5,1
DA:6,1
DA:7,2
DA:8,2
DA:9,2
DA:10,2
DA:11,2
DA:12,2
DA:13,2
DA:14,2
DA:15,2
DA:16,2
DA:17,2
DA:18,2
DA:19,2
DA:20,2
DA:21,2
DA:22,2
DA:23,2
DA:24,2
LH:24
LF:24
end_of_record
SF:/home/pmros/prg/tagma/examples/003-grid/index.html.js
FN:7,default
FNDA:1,default
FNF:1
FNH:1
BRF:0
BRH:0
DA:1,1
DA:2,1
DA:3,1
DA:4,1
DA:5,1
DA:6,1
DA:7,1
DA:8,2
DA:9,2
DA:10,2
DA:11,2
DA:12,2
DA:13,2
DA:14,2
DA:15,2
DA:16,2
DA:17,2
DA:18,2
DA:19,1
LH:19
LF:19
end_of_record
SF:/home/pmros/prg/tagma/examples/003-grid/style.css.js
FN:4,default
FNDA:1,default
FNF:1
FNH:1
BRF:0
BRH:0
DA:1,1
DA:2,1
DA:3,1
DA:4,1
DA:5,2
DA:6,2
DA:7,2
DA:8,2
DA:9,2
DA:10,2
DA:11,2
DA:12,2
DA:13,2
DA:14,2
DA:15,2
DA:16,2
DA:17,2
DA:18,2
DA:19,2
DA:20,2
DA:21,2
DA:22,2
DA:23,2
DA:24,2
DA:25,2
DA:26,2
DA:27,2
DA:28,2
DA:29,2
LH:29
LF:29
end_of_record
SF:/home/pmros/prg/tagma/src/color/hex.js
FN:1,default
FNDA:4,default
FNF:1
FNH:1
BRF:0
BRH:0
DA:1,1
DA:2,1
LH:2
LF:2
end_of_record
SF:/home/pmros/prg/tagma/src/color/index.js
FNF:0
FNH:0
BRF:0
BRH:0
DA:1,1
DA:2,1
LH:2
LF:2
end_of_record
SF:/home/pmros/prg/tagma/src/css/compact.js
FN:1,default
FNDA:4,default
FNF:1
FNH:1
BRF:0
BRH:0
DA:1,2
DA:2,6
DA:3,6
DA:4,6
DA:5,6
DA:6,6
DA:7,6
DA:8,6
DA:9,2
DA:10,1
LH:10
LF:10
end_of_record
SF:/home/pmros/prg/tagma/src/css/cssDocument.js
FN:7,default
FNDA:2,default
FNF:1
FNH:1
BRF:0
BRH:0
DA:1,2
DA:2,1
DA:3,2
DA:4,1
DA:5,2
DA:6,1
DA:7,2
DA:8,1
LH:8
LF:8
end_of_record
SF:/home/pmros/prg/tagma/src/css/index.js
FNF:0
FNH:0
BRF:0
BRH:0
DA:1,2
DA:2,2
DA:3,2
DA:4,1
LH:4
LF:4
end_of_record
SF:/home/pmros/prg/tagma/src/css/properties/fontFamily.js
FN:5,fontFamily
FN:7,default
FNDA:1,fontFamily
FNDA:1,default
FNF:2
FNH:2
BRF:0
BRH:0
DA:1,1
DA:2,1
DA:3,1
DA:4,1
DA:5,1
DA:6,1
DA:7,1
DA:8,1
LH:8
LF:8
end_of_record
SF:/home/pmros/prg/tagma/src/css/properties/index.js
FNF:0
FNH:0
BRF:0
BRH:0
DA:1,1
DA:2,1
LH:2
LF:2
end_of_record
SF:/home/pmros/prg/tagma/src/css/rule.js
FN:5,formatProperty
FN:7,rule
FN:13,default
FNDA:31,formatProperty
FNDA:8,rule
FNDA:8,default
FNF:3
FNH:3
BRF:0
BRH:0
DA:1,2
DA:2,1
DA:3,2
DA:4,1
DA:5,2
DA:6,1
DA:7,2
DA:8,18
DA:9,1
DA:10,18
DA:11,18
DA:12,1
DA:13,2
DA:14,18
DA:15,1
LH:15
LF:15
end_of_record
SF:/home/pmros/prg/tagma/src/findGenerators.js
FN:1,default
FNDA:5,default
FNF:1
FNH:1
BRF:0
BRH:0
DA:1,3
DA:2,8
DA:3,8
DA:4,20
DA:5,20
DA:6,8
DA:7,8
DA:8,1
LH:8
LF:8
end_of_record
SF:/home/pmros/prg/tagma/src/fromKeyValues.js
FNF:0
FNH:0
BRF:0
BRH:0
DA:1,9
DA:2,1
DA:3,9
DA:4,1
LH:4
LF:4
end_of_record
SF:/home/pmros/prg/tagma/src/fromValues.js
FNF:0
FNH:0
BRF:0
BRH:0
DA:1,9
DA:2,1
DA:3,9
DA:4,1
LH:4
LF:4
end_of_record
SF:/home/pmros/prg/tagma/src/html/attributes.js
FN:21,attributes
FN:23,default
FNDA:57,attributes
FNDA:57,default
FNF:2
FNH:2
BRF:0
BRH:0
DA:1,8
DA:2,8
DA:3,8
DA:4,8
DA:5,8
DA:6,8
DA:7,8
DA:8,8
DA:9,8
DA:10,8
DA:11,1
DA:12,8
DA:13,1
DA:14,8
DA:15,8
DA:16,8
DA:17,8
DA:18,8
DA:19,8
DA:20,1
DA:21,8
DA:22,1
DA:23,8
DA:24,1
LH:24
LF:24
end_of_record
SF:/home/pmros/prg/tagma/src/html/attributes/className.js
FN:5,className
FN:7,default
FNDA:4,className
FNDA:4,default
FNF:2
FNH:2
BRF:0
BRH:0
DA:1,1
DA:2,1
DA:3,1
DA:4,1
DA:5,1
DA:6,1
DA:7,1
DA:8,1
LH:8
LF:8
end_of_record
SF:/home/pmros/prg/tagma/src/html/attributes/index.js
FNF:0
FNH:0
BRF:0
BRH:0
DA:1,1
DA:2,1
LH:2
LF:2
end_of_record
SF:/home/pmros/prg/tagma/src/html/comment.js
FN:1,default
FNDA:3,default
FNF:1
FNH:1
BRF:0
BRH:0
DA:1,8
DA:2,1
LH:2
LF:2
end_of_record
SF:/home/pmros/prg/tagma/src/html/compact.js
FN:1,default
FNDA:14,default
FNF:1
FNH:1
BRF:0
BRH:0
DA:1,8
DA:2,22
DA:3,22
DA:4,22
DA:5,22
DA:6,22
DA:7,22
DA:8,22
DA:9,8
DA:10,1
LH:10
LF:10
end_of_record
SF:/home/pmros/prg/tagma/src/html/contentTag.js
FN:7,contentTag
FN:14,default
FNDA:41,contentTag
FNDA:770,default
FNF:2
FNH:2
BRDA:11,3,0,24
BRDA:11,3,1,17
BRF:2
BRH:2
DA:1,8
DA:2,8
DA:3,1
DA:4,8
DA:5,8
DA:6,1
DA:7,8
DA:8,131
DA:9,131
DA:10,1
DA:11,131
DA:12,131
DA:13,1
DA:14,8
DA:15,845
DA:16,1
DA:17,845
DA:18,845
DA:19,1
LH:19
LF:19
end_of_record
SF:/home/pmros/prg/tagma/src/html/docType.js
FN:1,default
FNDA:5,default
FNF:1
FNH:1
BRF:0
BRH:0
DA:1,8
DA:2,1
LH:2
LF:2
end_of_record
SF:/home/pmros/prg/tagma/src/html/htmlDocument.js
FN:9,htmlDocument
FN:12,default
FNDA:4,htmlDocument
FNDA:4,default
FNF:2
FNH:2
BRF:0
BRH:0
DA:1,8
DA:2,1
DA:3,8
DA:4,8
DA:5,1
DA:6,8
DA:7,8
DA:8,1
DA:9,8
DA:10,16
DA:11,1
DA:12,8
DA:13,16
DA:14,1
LH:14
LF:14
end_of_record
SF:/home/pmros/prg/tagma/src/html/index.js
FNF:0
FNH:0
BRF:0
BRH:0
DA:1,8
DA:2,8
DA:3,8
DA:4,8
DA:5,8
DA:6,8
DA:7,8
DA:8,1
DA:9,8
DA:10,8
DA:11,1
LH:11
LF:11
end_of_record
SF:/home/pmros/prg/tagma/src/html/tags.js
FN:121,default
FNDA:8,default
FNF:1
FNH:1
BRF:0
BRH:0
DA:1,8
DA:2,1
DA:3,8
DA:4,8
DA:5,1
DA:6,8
DA:7,8
DA:8,8
DA:9,8
DA:10,8
DA:11,8
DA:12,8
DA:13,8
DA:14,8
DA:15,8
DA:16,8
DA:17,8
DA:18,8
DA:19,8
DA:20,8
DA:21,8
DA:22,8
DA:23,8
DA:24,8
DA:25,8
DA:26,8
DA:27,8
DA:28,8
DA:29,8
DA:30,8
DA:31,8
DA:32,8
DA:33,8
DA:34,8
DA:35,8
DA:36,8
DA:37,8
DA:38,8
DA:39,8
DA:40,8
DA:41,8
DA:42,8
DA:43,8
DA:44,8
DA:45,8
DA:46,8
DA:47,8
DA:48,8
DA:49,8
DA:50,8
DA:51,8
DA:52,8
DA:53,8
DA:54,8
DA:55,8
DA:56,8
DA:57,8
DA:58,8
DA:59,8
DA:60,8
DA:61,8
DA:62,8
DA:63,8
DA:64,8
DA:65,8
DA:66,8
DA:67,8
DA:68,8
DA:69,8
DA:70,8
DA:71,8
DA:72,8
DA:73,8
DA:74,8
DA:75,8
DA:76,8
DA:77,8
DA:78,8
DA:79,8
DA:80,8
DA:81,8
DA:82,8
DA:83,8
DA:84,8
DA:85,8
DA:86,8
DA:87,8
DA:88,8
DA:89,8
DA:90,8
DA:91,8
DA:92,8
DA:93,8
DA:94,8
DA:95,8
DA:96,8
DA:97,8
DA:98,8
DA:99,8
DA:100,8
DA:101,8
DA:102,8
DA:103,1
DA:104,8
DA:105,8
DA:106,8
DA:107,8
DA:108,8
DA:109,8
DA:110,8
DA:111,8
DA:112,8
DA:113,8
DA:114,8
DA:115,8
DA:116,8
DA:117,8
DA:118,8
DA:119,8
DA:120,1
DA:121,8
DA:122,16
DA:123,16
DA:124,16
DA:125,16
DA:126,1
LH:126
LF:126
end_of_record
SF:/home/pmros/prg/tagma/src/html/voidTag.js
FN:5,voidTag
FN:10,default
FNDA:9,voidTag
FNDA:116,default
FNF:2
FNH:2
BRDA:7,2,0,8
BRDA:7,2,1,1
BRF:2
BRH:2
DA:1,8
DA:2,1
DA:3,8
DA:4,1
DA:5,8
DA:6,26
DA:7,26
DA:8,26
DA:9,1
DA:10,8
DA:11,1
LH:11
LF:11
end_of_record
SF:/home/pmros/prg/tagma/src/importGenerators.js
FN:4,importGenerators
FN:30,fn
FNDA:5,importGenerators
FNDA:1,fn
FNF:2
FNH:2
BRDA:9,2,0,0
BRDA:11,2,1,9
BRDA:15,2,2,0
BRDA:16,2,3,0
BRDA:18,2,4,9
BRDA:19,2,5,1
BRDA:28,2,6,8
BRDA:30,2,7,7
BRDA:30,2,8,1
BRDA:33,2,9,1
BRDA:37,2,10,0
BRDA:38,2,11,0
BRDA:40,2,12,0
BRF:13
BRH:7
DA:1,1
DA:2,3
DA:3,1
DA:4,3
DA:5,8
DA:6,8
DA:7,18
DA:8,18
DA:9,0
DA:10,18
DA:11,18
DA:12,1
DA:13,27
DA:14,27
DA:15,0
DA:16,0
DA:17,1
DA:18,18
DA:19,18
DA:20,19
DA:21,19
DA:22,19
DA:23,19
DA:24,19
DA:25,19
DA:26,19
DA:27,19
DA:28,19
DA:29,1
DA:30,18
DA:31,1
DA:32,18
DA:33,18
DA:34,19
DA:35,19
DA:36,19
DA:37,0
DA:38,0
DA:39,19
DA:40,0
DA:41,19
DA:42,19
DA:43,8
DA:44,8
DA:45,1
DA:46,8
DA:47,8
DA:48,1
LH:42
LF:48
end_of_record
SF:/home/pmros/prg/tagma/src/loadConfig.js
FN:1,default
FNDA:6,default
FNF:1
FNH:1
BRDA:6,1,0,3
BRF:1
BRH:1
DA:1,3
DA:2,9
DA:3,9
DA:4,9
DA:5,9
DA:6,9
DA:7,12
DA:8,12
DA:9,12
DA:10,9
DA:11,1
LH:11
LF:11
end_of_record
SF:/home/pmros/prg/tagma/src/tagma.js
FN:7,default
FNDA:4,default
FNF:1
FNH:1
BRF:0
BRH:0
DA:1,2
DA:2,1
DA:3,2
DA:4,2
DA:5,2
DA:6,1
DA:7,2
DA:8,6
DA:9,1
DA:10,6
DA:11,6
DA:12,1
DA:13,6
DA:14,6
DA:15,6
DA:16,12
DA:17,12
DA:18,12
DA:19,12
DA:20,12
DA:21,6
DA:22,1
DA:23,6
DA:24,6
DA:25,0
DA:26,1
DA:27,6
DA:28,6
DA:29,1
LH:28
LF:29
end_of_record
SF:/home/pmros/prg/tagma/src/units/index.js
FNF:0
FNH:0
BRF:0
BRH:0
DA:1,1
DA:2,1
DA:3,1
DA:4,1
DA:5,1
LH:5
LF:5
end_of_record
SF:/home/pmros/prg/tagma/src/units/pc.js
FN:1,default
FNDA:1,default
FNF:1
FNH:1
BRF:0
BRH:0
DA:1,1
DA:2,1
LH:2
LF:2
end_of_record
SF:/home/pmros/prg/tagma/src/units/px.js
FN:1,default
FNDA:4,default
FNF:1
FNH:1
BRF:0
BRH:0
DA:1,1
DA:2,1
LH:2
LF:2
end_of_record
SF:/home/pmros/prg/tagma/src/units/rem.js
FN:1,default
FNDA:2,default
FNF:1
FNH:1
BRF:0
BRH:0
DA:1,1
DA:2,1
LH:2
LF:2
end_of_record
SF:/home/pmros/prg/tagma/src/units/vh.js
FN:1,default
FNDA:1,default
FNF:1
FNH:1
BRF:0
BRH:0
DA:1,1
DA:2,1
LH:2
LF:2
end_of_record
SF:/tmp/2399968aba7d440/bad.js
FNF:0
FNH:0
BRF:0
BRH:0
DA:1,1
LH:1
LF:1
end_of_record
SF:/tmp/2399968aba7d440/good.html.js
FN:1,g
FNDA:0,g
FNF:1
FNH:0
BRF:0
BRH:0
DA:1,0
LH:0
LF:1
end_of_record
SF:/tmp/2399968aba7d440/value.rss.js
FNF:0
FNH:0
BRF:0
BRH:0
DA:1,1
LH:1
LF:1
end_of_record
SF:/tmp/ee386fe7a46a43df/ok.html.js
FN:1,g
FNDA:1,g
FNF:1
FNH:1
BRF:0
BRH:0
DA:1,1
LH:1
LF:1
end_of_record
